Log file open, 04/30/17 08:58:07
LogInit:Display: Running engine for game: GrimToll
LogPlatformFile: Not using cached read wrapper
LogInit:Display: RandInit(-1027539490) SRandInit(-1027539490).
LogTaskGraph: Started task graph with 5 named threads and 8 total threads with 1 sets of task threads.
LogStats: Stats thread started at 2.441267
LogPluginManager: Loaded Plugin Paper2D, From C:/Program Files/Epic Games/4.14/Engine/Plugins/2D/Paper2D/Paper2D.uplugin
LogPluginManager: Loaded Plugin LightPropagationVolume, From C:/Program Files/Epic Games/4.14/Engine/Plugins/Blendables/LightPropagationVolume/LightPropagationVolume.uplugin
LogPluginManager: Loaded Plugin BlankPlugin, From C:/Program Files/Epic Games/4.14/Engine/Plugins/Developer/BlankPlugin/BlankPlugin.uplugin
LogPluginManager: Loaded Plugin CodeLiteSourceCodeAccess, From C:/Program Files/Epic Games/4.14/Engine/Plugins/Developer/CodeLiteSourceCodeAccess/CodeLiteSourceCodeAccess.uplugin
LogPluginManager: Loaded Plugin GitSourceControl, From C:/Program Files/Epic Games/4.14/Engine/Plugins/Developer/GitSourceControl/GitSourceControl.uplugin
LogPluginManager: Loaded Plugin KDevelopSourceCodeAccess, From C:/Program Files/Epic Games/4.14/Engine/Plugins/Developer/KDevelopSourceCodeAccess/KDevelopSourceCodeAccess.uplugin
LogPluginManager: Loaded Plugin NullSourceCodeAccess, From C:/Program Files/Epic Games/4.14/Engine/Plugins/Developer/NullSourceCodeAccess/NullSourceCodeAccess.uplugin
LogPluginManager: Loaded Plugin OneSkyLocalizationService, From C:/Program Files/Epic Games/4.14/Engine/Plugins/Developer/OneSkyLocalizationService/OneSkyLocalizationService.uplugin
LogPluginManager: Loaded Plugin PerforceSourceControl, From C:/Program Files/Epic Games/4.14/Engine/Plugins/Developer/PerforceSourceControl/PerforceSourceControl.uplugin
LogPluginManager: Loaded Plugin SubversionSourceControl, From C:/Program Files/Epic Games/4.14/Engine/Plugins/Developer/SubversionSourceControl/SubversionSourceControl.uplugin
LogPluginManager: Loaded Plugin UObjectPlugin, From C:/Program Files/Epic Games/4.14/Engine/Plugins/Developer/UObjectPlugin/UObjectPlugin.uplugin
LogPluginManager: Loaded Plugin VisualStudioSourceCodeAccess, From C:/Program Files/Epic Games/4.14/Engine/Plugins/Developer/VisualStudioSourceCodeAccess/VisualStudioSourceCodeAccess.uplugin
LogPluginManager: Loaded Plugin XCodeSourceCodeAccess, From C:/Program Files/Epic Games/4.14/Engine/Plugins/Developer/XCodeSourceCodeAccess/XCodeSourceCodeAccess.uplugin
LogPluginManager: Loaded Plugin AudioCapture, From C:/Program Files/Epic Games/4.14/Engine/Plugins/Editor/AudioCapture/AudioCapture.uplugin
LogPluginManager: Loaded Plugin EpicSurvey, From C:/Program Files/Epic Games/4.14/Engine/Plugins/Editor/EpicSurvey/EpicSurvey.uplugin
LogPluginManager: Loaded Plugin MacGraphicsSwitching, From C:/Program Files/Epic Games/4.14/Engine/Plugins/Editor/MacGraphicsSwitching/MacGraphicsSwitching.uplugin
LogPluginManager: Loaded Plugin MobileLauncherProfileWizard, From C:/Program Files/Epic Games/4.14/Engine/Plugins/Editor/MobileLauncherProfileWizard/MobileLauncherProfileWizard.uplugin
LogPluginManager: Loaded Plugin PluginBrowser, From C:/Program Files/Epic Games/4.14/Engine/Plugins/Editor/PluginBrowser/PluginBrowser.uplugin
LogPluginManager: Loaded Plugin SpeedTreeImporter, From C:/Program Files/Epic Games/4.14/Engine/Plugins/Editor/SpeedTreeImporter/SpeedTreeImporter.uplugin
LogPluginManager: Loaded Plugin SuperSearchEditor, From C:/Program Files/Epic Games/4.14/Engine/Plugins/Editor/SuperSearchEditor/SuperSearchEditor.uplugin
LogPluginManager: Loaded Plugin AlembicImporter, From C:/Program Files/Epic Games/4.14/Engine/Plugins/Experimental/AlembicImporter/AlembicImporter.uplugin
LogPluginManager: Loaded Plugin BlueprintStats, From C:/Program Files/Epic Games/4.14/Engine/Plugins/Experimental/BlueprintStats/BlueprintStats.uplugin
LogPluginManager: Loaded Plugin CharacterAI, From C:/Program Files/Epic Games/4.14/Engine/Plugins/Experimental/CharacterAI/CharacterAI.uplugin
LogPluginManager: Loaded Plugin CodeEditor, From C:/Program Files/Epic Games/4.14/Engine/Plugins/Experimental/CodeEditor/CodeEditor.uplugin
LogPluginManager: Loaded Plugin CodeView, From C:/Program Files/Epic Games/4.14/Engine/Plugins/Experimental/CodeView/CodeView.uplugin
LogPluginManager: Loaded Plugin HTML5Networking, From C:/Program Files/Epic Games/4.14/Engine/Plugins/Experimental/HTML5Networking/HTML5Networking.uplugin
LogPluginManager: Loaded Plugin OSVR, From C:/Program Files/Epic Games/4.14/Engine/Plugins/Experimental/OSVR/OSVR.uplugin
LogPluginManager: Loaded Plugin Phya, From C:/Program Files/Epic Games/4.14/Engine/Plugins/Experimental/Phya/Phya.uplugin
LogPluginManager: Loaded Plugin SignificanceManager, From C:/Program Files/Epic Games/4.14/Engine/Plugins/Experimental/SignificanceManager/SignificanceManager.uplugin
LogPluginManager: Loaded Plugin SimpleHMD, From C:/Program Files/Epic Games/4.14/Engine/Plugins/Experimental/SimpleHMD/SimpleHMD.uplugin
LogPluginManager: Loaded Plugin StereoPanorama, From C:/Program Files/Epic Games/4.14/Engine/Plugins/Experimental/StereoPanorama/StereoPanorama.uplugin
LogPluginManager: Loaded Plugin StructBox, From C:/Program Files/Epic Games/4.14/Engine/Plugins/Experimental/StructBox/StructBox.uplugin
LogPluginManager: Loaded Plugin Substance, From C:/Program Files/Epic Games/4.14/Engine/Plugins/Marketplace/Substance/Substance.uplugin
LogPluginManager: Loaded Plugin AndroidMedia, From C:/Program Files/Epic Games/4.14/Engine/Plugins/Media/AndroidMedia/AndroidMedia.uplugin
LogPluginManager: Loaded Plugin AvfMedia, From C:/Program Files/Epic Games/4.14/Engine/Plugins/Media/AvfMedia/AvfMedia.uplugin
LogPluginManager: Loaded Plugin MediaPlayerEditor, From C:/Program Files/Epic Games/4.14/Engine/Plugins/Media/MediaPlayerEditor/MediaPlayerEditor.uplugin
LogPluginManager: Loaded Plugin WmfMedia, From C:/Program Files/Epic Games/4.14/Engine/Plugins/Media/WmfMedia/WmfMedia.uplugin
LogPluginManager: Loaded Plugin MessagingDebugger, From C:/Program Files/Epic Games/4.14/Engine/Plugins/Messaging/MessagingDebugger/MessagingDebugger.uplugin
LogPluginManager: Loaded Plugin TcpMessaging, From C:/Program Files/Epic Games/4.14/Engine/Plugins/Messaging/TcpMessaging/TcpMessaging.uplugin
LogPluginManager: Loaded Plugin UdpMessaging, From C:/Program Files/Epic Games/4.14/Engine/Plugins/Messaging/UdpMessaging/UdpMessaging.uplugin
LogPluginManager: Loaded Plugin LevelSequenceEditor, From C:/Program Files/Epic Games/4.14/Engine/Plugins/MovieScene/LevelSequenceEditor/LevelSequenceEditor.uplugin
LogPluginManager: Loaded Plugin MatineeToLevelSequence, From C:/Program Files/Epic Games/4.14/Engine/Plugins/MovieScene/MatineeToLevelSequence/MatineeToLevelSequence.uplugin
LogPluginManager: Loaded Plugin NetcodeUnitTest, From C:/Program Files/Epic Games/4.14/Engine/Plugins/NetcodeUnitTest/NetcodeUnitTest/NetcodeUnitTest.uplugin
LogPluginManager: Loaded Plugin NUTUnrealEngine4, From C:/Program Files/Epic Games/4.14/Engine/Plugins/NetcodeUnitTest/NUTUnrealEngine4/NUTUnrealEngine4.uplugin
LogPluginManager: Loaded Plugin OnlineSubsystemGameCircle, From C:/Program Files/Epic Games/4.14/Engine/Plugins/Online/Android/OnlineSubsystemGameCircle/OnlineSubsystemGameCircle.uplugin
LogPluginManager: Loaded Plugin OnlineSubsystemGooglePlay, From C:/Program Files/Epic Games/4.14/Engine/Plugins/Online/Android/OnlineSubsystemGooglePlay/OnlineSubsystemGooglePlay.uplugin
LogPluginManager: Loaded Plugin OnlineSubsystemIOS, From C:/Program Files/Epic Games/4.14/Engine/Plugins/Online/IOS/OnlineSubsystemIOS/OnlineSubsystemIOS.uplugin
LogPluginManager: Loaded Plugin OnlineFramework, From C:/Program Files/Epic Games/4.14/Engine/Plugins/Online/OnlineFramework/OnlineFramework.uplugin
LogPluginManager: Loaded Plugin OnlineSubsystem, From C:/Program Files/Epic Games/4.14/Engine/Plugins/Online/OnlineSubsystem/OnlineSubsystem.uplugin
LogPluginManager: Loaded Plugin OnlineSubsystemAmazon, From C:/Program Files/Epic Games/4.14/Engine/Plugins/Online/OnlineSubsystemAmazon/OnlineSubsystemAmazon.uplugin
LogPluginManager: Loaded Plugin OnlineSubsystemFacebook, From C:/Program Files/Epic Games/4.14/Engine/Plugins/Online/OnlineSubsystemFacebook/OnlineSubsystemFacebook.uplugin
LogPluginManager: Loaded Plugin OnlineSubsystemNull, From C:/Program Files/Epic Games/4.14/Engine/Plugins/Online/OnlineSubsystemNull/OnlineSubsystemNull.uplugin
LogPluginManager: Loaded Plugin OnlineSubsystemOculus, From C:/Program Files/Epic Games/4.14/Engine/Plugins/Online/OnlineSubsystemOculus/OnlineSubsystemOculus.uplugin
LogPluginManager: Loaded Plugin OnlineSubsystemSteam, From C:/Program Files/Epic Games/4.14/Engine/Plugins/Online/OnlineSubsystemSteam/OnlineSubsystemSteam.uplugin
LogPluginManager: Loaded Plugin OnlineSubsystemUtils, From C:/Program Files/Epic Games/4.14/Engine/Plugins/Online/OnlineSubsystemUtils/OnlineSubsystemUtils.uplugin
LogPluginManager: Loaded Plugin IOSTapJoy, From C:/Program Files/Epic Games/4.14/Engine/Plugins/Runtime/Advertising/IOSTapJoy/IOSTapJoy.uplugin
LogPluginManager: Loaded Plugin AnalyticsBlueprintLibrary, From C:/Program Files/Epic Games/4.14/Engine/Plugins/Runtime/Analytics/AnalyticsBlueprintLibrary/AnalyticsBlueprintLibrary.uplugin
LogPluginManager: Loaded Plugin AnalyticsMulticast, From C:/Program Files/Epic Games/4.14/Engine/Plugins/Runtime/Analytics/AnalyticsMulticast/AnalyticsMulticast.uplugin
LogPluginManager: Loaded Plugin Apsalar, From C:/Program Files/Epic Games/4.14/Engine/Plugins/Runtime/Analytics/Apsalar/Apsalar.uplugin
LogPluginManager: Loaded Plugin FileLogging, From C:/Program Files/Epic Games/4.14/Engine/Plugins/Runtime/Analytics/FileLogging/FileLogging.uplugin
LogPluginManager: Loaded Plugin Flurry, From C:/Program Files/Epic Games/4.14/Engine/Plugins/Runtime/Analytics/Flurry/Flurry.uplugin
LogPluginManager: Loaded Plugin AndroidDeviceProfileSelector, From C:/Program Files/Epic Games/4.14/Engine/Plugins/Runtime/AndroidDeviceProfileSelector/AndroidDeviceProfileSelector.uplugin
LogPluginManager: Loaded Plugin AndroidMoviePlayer, From C:/Program Files/Epic Games/4.14/Engine/Plugins/Runtime/AndroidMoviePlayer/AndroidMoviePlayer.uplugin
LogPluginManager: Loaded Plugin AppleMoviePlayer, From C:/Program Files/Epic Games/4.14/Engine/Plugins/Runtime/AppleMoviePlayer/AppleMoviePlayer.uplugin
LogPluginManager: Loaded Plugin ArchVisCharacter, From C:/Program Files/Epic Games/4.14/Engine/Plugins/Runtime/ArchVisCharacter/ArchVisCharacter.uplugin
LogPluginManager: Loaded Plugin CableComponent, From C:/Program Files/Epic Games/4.14/Engine/Plugins/Runtime/CableComponent/CableComponent.uplugin
LogPluginManager: Loaded Plugin CustomMeshComponent, From C:/Program Files/Epic Games/4.14/Engine/Plugins/Runtime/CustomMeshComponent/CustomMeshComponent.uplugin
LogPluginManager: Loaded Plugin ExampleDeviceProfileSelector, From C:/Program Files/Epic Games/4.14/Engine/Plugins/Runtime/ExampleDeviceProfileSelector/ExampleDeviceProfileSelector.uplugin
LogPluginManager: Loaded Plugin GearVR, From C:/Program Files/Epic Games/4.14/Engine/Plugins/Runtime/GearVR/GearVR.uplugin
LogPluginManager: Loaded Plugin GoogleVRController, From C:/Program Files/Epic Games/4.14/Engine/Plugins/Runtime/GoogleVR/GoogleVRController/GoogleVRController.uplugin
LogPluginManager: Loaded Plugin GoogleVRHMD, From C:/Program Files/Epic Games/4.14/Engine/Plugins/Runtime/GoogleVR/GoogleVRHMD/GoogleVRHMD.uplugin
LogPluginManager: Loaded Plugin IOSDeviceProfileSelector, From C:/Program Files/Epic Games/4.14/Engine/Plugins/Runtime/IOSDeviceProfileSelector/IOSDeviceProfileSelector.uplugin
LogPluginManager: Loaded Plugin LeapMotion, From C:/Program Files/Epic Games/4.14/Engine/Plugins/Runtime/LeapMotion/LeapMotion.uplugin
LogPluginManager: Loaded Plugin LinuxDeviceProfileSelector, From C:/Program Files/Epic Games/4.14/Engine/Plugins/Runtime/LinuxDeviceProfileSelector/LinuxDeviceProfileSelector.uplugin
LogPluginManager: Loaded Plugin MIDIDevice, From C:/Program Files/Epic Games/4.14/Engine/Plugins/Runtime/MIDIDevice/MIDIDevice.uplugin
LogPluginManager: Loaded Plugin MobilePatchingUtils, From C:/Program Files/Epic Games/4.14/Engine/Plugins/Runtime/MobilePatchingUtils/MobilePatchingUtils.uplugin
LogPluginManager: Loaded Plugin Ansel, From C:/Program Files/Epic Games/4.14/Engine/Plugins/Runtime/Nvidia/Ansel/Ansel.uplugin
LogPluginManager: Loaded Plugin OculusAudio, From C:/Program Files/Epic Games/4.14/Engine/Plugins/Runtime/OculusAudio/OculusAudio.uplugin
LogPluginManager: Loaded Plugin OculusInput, From C:/Program Files/Epic Games/4.14/Engine/Plugins/Runtime/OculusInput/OculusInput.uplugin
LogPluginManager: Loaded Plugin OculusLibrary, From C:/Program Files/Epic Games/4.14/Engine/Plugins/Runtime/OculusLibrary/OculusLibrary.uplugin
LogPluginManager: Loaded Plugin OculusRift, From C:/Program Files/Epic Games/4.14/Engine/Plugins/Runtime/OculusRift/OculusRift.uplugin
LogPluginManager: Loaded Plugin Oodle, From C:/Program Files/Epic Games/4.14/Engine/Plugins/Runtime/PacketHandlers/CompressionComponents/Oodle/Oodle.uplugin
LogPluginManager: Loaded Plugin ProceduralMeshComponent, From C:/Program Files/Epic Games/4.14/Engine/Plugins/Runtime/ProceduralMeshComponent/ProceduralMeshComponent.uplugin
LogPluginManager: Loaded Plugin SoundMod, From C:/Program Files/Epic Games/4.14/Engine/Plugins/Runtime/SoundMod/SoundMod.uplugin
LogPluginManager: Loaded Plugin SoundVisualizations, From C:/Program Files/Epic Games/4.14/Engine/Plugins/Runtime/SoundVisualizations/SoundVisualizations.uplugin
LogPluginManager: Loaded Plugin SteamController, From C:/Program Files/Epic Games/4.14/Engine/Plugins/Runtime/Steam/SteamController/SteamController.uplugin
LogPluginManager: Loaded Plugin SteamVR, From C:/Program Files/Epic Games/4.14/Engine/Plugins/Runtime/Steam/SteamVR/SteamVR.uplugin
LogPluginManager: Loaded Plugin WebBrowserWidget, From C:/Program Files/Epic Games/4.14/Engine/Plugins/Runtime/WebBrowserWidget/WebBrowserWidget.uplugin
LogPluginManager: Loaded Plugin WindowsDeviceProfileSelector, From C:/Program Files/Epic Games/4.14/Engine/Plugins/Runtime/WindowsDeviceProfileSelector/WindowsDeviceProfileSelector.uplugin
LogPluginManager: Loaded Plugin WindowsMoviePlayer, From C:/Program Files/Epic Games/4.14/Engine/Plugins/Runtime/WindowsMoviePlayer/WindowsMoviePlayer.uplugin
LogPluginManager: Loaded Plugin ScriptPlugin, From C:/Program Files/Epic Games/4.14/Engine/Plugins/ScriptPlugin/ScriptPlugin.uplugin
LogPluginManager: Loaded Plugin SlateRemote, From C:/Program Files/Epic Games/4.14/Engine/Plugins/Slate/SlateRemote/SlateRemote.uplugin
LogPluginManager: Loaded Plugin EditorTests, From C:/Program Files/Epic Games/4.14/Engine/Plugins/Tests/EditorTests/EditorTests.uplugin
LogPluginManager: Loaded Plugin FbxAutomationTestBuilder, From C:/Program Files/Epic Games/4.14/Engine/Plugins/Tests/FbxAutomationTestBuilder/FbxAutomationTestBuilder.uplugin
LogPluginManager: Loaded Plugin FunctionalTestingEditor, From C:/Program Files/Epic Games/4.14/Engine/Plugins/Tests/FunctionalTestingEditor/FunctionalTestingEditor.uplugin
LogPluginManager: Loaded Plugin RuntimeTests, From C:/Program Files/Epic Games/4.14/Engine/Plugins/Tests/RuntimeTests/RuntimeTests.uplugin
LogPluginManager: Loaded Plugin ScreenshotTools, From C:/Program Files/Epic Games/4.14/Engine/Plugins/Tests/ScreenshotTools/ScreenshotTools.uplugin
LogInit: Using libcurl 7.47.1
LogInit:  - built for x86_64-pc-win32
LogInit:  - supports SSL with OpenSSL/1.0.2g
LogInit:  - supports HTTP deflate (compression) using libz 1.2.8
LogInit:  - other features:
LogInit:      CURL_VERSION_SSL
LogInit:      CURL_VERSION_LIBZ
LogInit:      CURL_VERSION_IPV6
LogInit:      CURL_VERSION_ASYNCHDNS
LogInit:      CURL_VERSION_LARGEFILE
LogInit:      CURL_VERSION_IDN
LogInit:  CurlRequestOptions (configurable via config and command line):
LogInit:  - bVerifyPeer = false  - Libcurl will NOT verify peer certificate
LogInit:  - bUseHttpProxy = false  - Libcurl will NOT use HTTP proxy
LogInit:  - bDontReuseConnections = false  - Libcurl will reuse connections
LogInit:  - CertBundlePath = nullptr  - Libcurl will use whatever was configured at build time.
LogInit: Build: ++UE4+Release-4.14-CL-3249277
LogInit: Engine Version: 4.14.3-3249277+++UE4+Release-4.14
LogInit: Compatible Engine Version: 4.14.0-3195953+++UE4+Release-4.14
LogInit: Net CL: 3195953
LogDevObjectVersion: Number of dev versions registered: 13
LogDevObjectVersion:   Dev-Blueprints (B0D832E4-1F89-4F0D-ACCF-7EB736FD4AA2): 7
LogDevObjectVersion:   Dev-Build (E1C64328-A22C-4D53-A36C-8E866417BD8C): 0
LogDevObjectVersion:   Dev-Core (375EC13C-06E4-48FB-B500-84F0262A717E): 1
LogDevObjectVersion:   Dev-Editor (E4B068ED-F494-42E9-A231-DA0B2E46BB41): 8
LogDevObjectVersion:   Dev-Framework (CFFC743F-43B0-4480-9391-14DF171D2073): 17
LogDevObjectVersion:   Dev-Mobile (B02B49B5-BB20-44E9-A304-32B752E40360): 0
LogDevObjectVersion:   Dev-Networking (A4E4105C-59A1-49B5-A7C5-40C4547EDFEE): 0
LogDevObjectVersion:   Dev-Online (39C831C9-5AE6-47DC-9A44-9C173E1C8E7C): 0
LogDevObjectVersion:   Dev-Physics (78F01B33-EBEA-4F98-B9B4-84EACCB95AA2): 0
LogDevObjectVersion:   Dev-Platform (6631380F-2D4D-43E0-8009-CF276956A95A): 0
LogDevObjectVersion:   Dev-Rendering (12F88B9F-8875-4AFC-A67C-D90C383ABD29): 12
LogDevObjectVersion:   Dev-Sequencer (7B5AE74C-D270-4C10-A958-57980B212A5A): 1
LogDevObjectVersion:   Dev-VR (D7296918-1DD6-4BDD-9DE2-64A83CC13884): 0
LogInit: Compiled (64-bit): Jan  6 2017 10:49:43
LogInit: Compiled with Visual C++: 19.00.23026.00
LogInit: Build Configuration: Development
LogInit: Branch Name: ++UE4+Release-4.14
LogInit: Command line:  
LogInit: Base directory: C:/Program Files/Epic Games/4.14/Engine/Binaries/Win64/
LogInit: Installed Engine Build: 1
LogInit: Presizing for max 8388607 objects, including 0 objects not considered by GC, pre-allocating 0 bytes for permanent pool.
LogInit: Object subsystem initialized
[2017.04.30-15.58.08:505][  0]LogInit: Selected Device Profile: [Windows]
[2017.04.30-15.58.08:505][  0]LogInit: Applying CVar settings loaded from the selected device profile: [Windows]
[2017.04.30-15.58.08:652][  0]LogInit: Computer: GODLIKESYSTEM
[2017.04.30-15.58.08:652][  0]LogInit: User: Demonic
[2017.04.30-15.58.08:652][  0]LogInit: CPU Page size=65536, Cores=4
[2017.04.30-15.58.08:652][  0]LogInit: High frequency timer resolution =3.312841 MHz
[2017.04.30-15.58.08:652][  0]LogMemory: Memory total: Physical=8.0GB (8GB approx)
[2017.04.30-15.58.08:660][  0]LogMemory: Platform Memory Stats for Windows
[2017.04.30-15.58.08:660][  0]LogMemory: Process Physical Memory: 265.40 MB used, 265.40 MB peak
[2017.04.30-15.58.08:660][  0]LogMemory: Process Virtual Memory: 265.33 MB used, 265.33 MB peak
[2017.04.30-15.58.08:660][  0]LogMemory: Physical Memory: 5488.55 MB used,  2685.48 MB free, 8174.04 MB total
[2017.04.30-15.58.08:660][  0]LogMemory: Virtual Memory: 662.12 MB used,  2685.48 MB free, 8388608.00 MB total
[2017.04.30-15.58.09:667][  0]LogTextLocalizationManager: No specific translations for ('en-US') exist, so ('en') translations will be used.
[2017.04.30-15.58.11:729][  0]LogD3D11RHI: D3D11 adapters:
[2017.04.30-15.58.11:820][  0]LogD3D11RHI:    0. 'NVIDIA GeForce GT 440' (Feature Level 11_0)
[2017.04.30-15.58.11:820][  0]LogD3D11RHI:       1489/0/2559 MB DedicatedVideo/DedicatedSystem/SharedSystem, Outputs:1, VendorId:0x10de
[2017.04.30-15.58.11:820][  0]LogD3D11RHI: Chosen D3D11 Adapter: 0
[2017.04.30-15.58.11:824][  0]LogD3D11RHI: Creating new Direct3DDevice
[2017.04.30-15.58.11:824][  0]LogD3D11RHI:     GPU DeviceId: 0xdc0 (for the marketing name, search the web for "GPU Device Id")
[2017.04.30-15.58.11:824][  0]LogWindows: EnumDisplayDevices:
[2017.04.30-15.58.11:824][  0]LogWindows:    0. 'NVIDIA GeForce GT 440' (P:1 D:1)
[2017.04.30-15.58.11:824][  0]LogWindows:    1. 'NVIDIA GeForce GT 440' (P:0 D:0)
[2017.04.30-15.58.11:824][  0]LogWindows:    2. 'RDPDD Chained DD' (P:0 D:0)
[2017.04.30-15.58.11:824][  0]LogWindows:    3. 'RDP Encoder Mirror Driver' (P:0 D:0)
[2017.04.30-15.58.11:825][  0]LogWindows:    4. 'RDP Reflector Display Driver' (P:0 D:0)
[2017.04.30-15.58.11:825][  0]LogWindows: DebugString: GetVideoDriverDetailsInvalid PrimaryIsNotTheChoosenAdapter GetVideoDriverDetailsInvalid PrimaryIsNotTheChoosenAdapter GetVideoDriverDetailsInvalid PrimaryIsNotTheChoosenAdapter FoundDriverCount:2 
[2017.04.30-15.58.11:825][  0]LogD3D11RHI:     Adapter Name: NVIDIA GeForce GT 440
[2017.04.30-15.58.11:825][  0]LogD3D11RHI:   Driver Version: 364.72 (internal:10.18.13.6472, unified:364.72)
[2017.04.30-15.58.11:825][  0]LogD3D11RHI:      Driver Date: 3-21-2016
[2017.04.30-15.58.11:825][  0]LogRHI: Texture pool is 1042 MB (70% of 1489 MB)
[2017.04.30-15.58.11:831][  0]LogD3D11RHI:Warning: Timestamp queries are currently disabled on this hardware due to instability. Realtime GPU stats will not be available. You can override this behaviour by setting r.NVIDIATimestampWorkaround to 0
[2017.04.30-15.58.11:831][  0]LogD3D11RHI: Async texture creation enabled
[2017.04.30-15.58.11:914][  0]LogD3D11RHI: GPU Timing Frequency: 1000.000000 (Debug: 2 2)
[2017.04.30-15.58.11:945][  0]LogShaderCompilers: Guid format shader working directory is 0 characters bigger than the processId version (../../../../../../Users/Demonic/Desktop/GrimToll/Intermediate/Shaders/WorkingDirectory/8352/).
[2017.04.30-15.58.11:945][  0]LogShaderCompilers: Cleaned the shader compiler working directory 'C:/Users/Demonic/AppData/Local/Temp/UnrealShaderWorkingDir/CC4D01484A5D30DB816D58A4E443BDD3/'.
[2017.04.30-15.58.11:945][  0]LogShaderCompilers:Display: Using Local Shader Compiler.
[2017.04.30-15.58.19:420][  0]LogTemp:Display: Loaded TP AllDesktopTargetPlatform
[2017.04.30-15.58.19:508][  0]LogTemp:Display: Loaded TP MacClientTargetPlatform
[2017.04.30-15.58.19:584][  0]LogTemp:Display: Loaded TP MacNoEditorTargetPlatform
[2017.04.30-15.58.19:640][  0]LogTemp:Display: Loaded TP MacServerTargetPlatform
[2017.04.30-15.58.19:726][  0]LogTemp:Display: Loaded TP MacTargetPlatform
[2017.04.30-15.58.19:807][  0]LogTemp:Display: Loaded TP WindowsClientTargetPlatform
[2017.04.30-15.58.19:885][  0]LogTemp:Display: Loaded TP WindowsNoEditorTargetPlatform
[2017.04.30-15.58.19:943][  0]LogTemp:Display: Loaded TP WindowsServerTargetPlatform
[2017.04.30-15.58.19:992][  0]LogTemp:Display: Loaded TP WindowsTargetPlatform
[2017.04.30-15.58.20:074][  0]LogTemp:Display: Loaded TP AndroidTargetPlatform
[2017.04.30-15.58.20:149][  0]LogTemp:Display: Loaded TP Android_ASTCTargetPlatform
[2017.04.30-15.58.20:231][  0]LogTemp:Display: Loaded TP Android_ATCTargetPlatform
[2017.04.30-15.58.20:303][  0]LogTemp:Display: Loaded TP Android_DXTTargetPlatform
[2017.04.30-15.58.20:366][  0]LogTemp:Display: Loaded TP Android_ETC1TargetPlatform
[2017.04.30-15.58.20:432][  0]LogTemp:Display: Loaded TP Android_ETC2TargetPlatform
[2017.04.30-15.58.20:556][  0]LogTemp:Display: Loaded TP Android_MultiTargetPlatform
[2017.04.30-15.58.20:556][  0]LogTemp:Display: Loaded TP Android_PVRTCTargetPlatform
[2017.04.30-15.58.20:601][  0]LogTemp:Display: Loaded TP HTML5TargetPlatform
[2017.04.30-15.58.20:756][  0]LogTemp:Display: Loaded TP IOSTargetPlatform
[2017.04.30-15.58.20:791][  0]LogTemp:Display: Loaded TP TVOSTargetPlatform
[2017.04.30-15.58.20:879][  0]LogTemp:Display: Loaded TP LinuxClientTargetPlatform
[2017.04.30-15.58.20:965][  0]LogTemp:Display: Loaded TP LinuxNoEditorTargetPlatform
[2017.04.30-15.58.21:019][  0]LogTemp:Display: Loaded TP LinuxServerTargetPlatform
[2017.04.30-15.58.21:110][  0]LogTemp:Display: Loaded TP LinuxTargetPlatform
[2017.04.30-15.58.21:110][  0]LogTargetPlatformManager:Display: Building Assets For Windows
[2017.04.30-15.58.21:867][  0]LogDerivedDataCache:Display: Max Cache Size: 512 MB
[2017.04.30-15.58.22:502][  0]LogDerivedDataCache: Loaded boot cache 0.62s 50MB C:/Users/Demonic/AppData/Local/UnrealEngine/4.14/DerivedDataCache/Boot.ddc.
[2017.04.30-15.58.22:502][  0]LogDerivedDataCache:Display: Loaded Boot cache: C:/Users/Demonic/AppData/Local/UnrealEngine/4.14/DerivedDataCache/Boot.ddc
[2017.04.30-15.58.22:502][  0]LogDerivedDataCache: FDerivedDataBackendGraph:  Pak pak cache file ../../../../../../Users/Demonic/Desktop/GrimToll/DerivedDataCache/DDC.ddp not found, will not use a pak cache.
[2017.04.30-15.58.22:502][  0]LogDerivedDataCache: Unable to find inner node Pak for hierarchical cache Hierarchy.
[2017.04.30-15.58.22:502][  0]LogDerivedDataCache: FDerivedDataBackendGraph:  CompressedPak pak cache file ../../../../../../Users/Demonic/Desktop/GrimToll/DerivedDataCache/Compressed.ddp not found, will not use a pak cache.
[2017.04.30-15.58.22:502][  0]LogDerivedDataCache: Unable to find inner node CompressedPak for hierarchical cache Hierarchy.
[2017.04.30-15.58.22:579][  0]LogDerivedDataCache:Display: Pak cache opened for reading ../../../Engine/DerivedDataCache/Compressed.ddp.
[2017.04.30-15.58.22:590][  0]LogDerivedDataCache: Using Local data cache path C:/Users/Demonic/AppData/Local/UnrealEngine/Common/DerivedDataCache: Writable
[2017.04.30-15.58.29:121][  0]LogInit: Selected Device Profile: [Windows]
[2017.04.30-15.58.29:333][  0]LogContentStreaming: Texture pool size is 0.00 MB
[2017.04.30-15.58.30:029][  0]LogMeshUtilities: Using QuadricMeshReduction for automatic static mesh reduction
[2017.04.30-15.58.30:110][  0]LogSimplygon: Simplygon DLL not present - disabling.
[2017.04.30-15.58.30:182][  0]LogMeshUtilities: Using SimplygonSwarm for distributed automatic mesh merging
[2017.04.30-15.58.30:182][  0]LogMeshUtilities: No automatic skeletal mesh reduction module available
[2017.04.30-15.58.30:182][  0]LogMeshUtilities: No automatic mesh merging module available
[2017.04.30-15.58.36:015][  0]LogNetVersion: GetLocalNetworkVersion: CL: 3195953, ProjectName: grimtoll, ProjectVersion: , EngineNetworkVersion: 2, GameNetworkVersion: 0, NetworkChecksum: 466772064
[2017.04.30-15.58.36:177][  0]LogAssetRegistry: FAssetRegistry took 0.0239 seconds to start up
[2017.04.30-15.58.36:591][  0]LogPackageLocalizationCache: Processed 3 localized package path(s) for 2 prioritized culture(s) in 0.306841 seconds
[2017.04.30-15.58.36:624][  0]LogUObjectArray: 31946 objects as part of root set at end of initial load.
[2017.04.30-15.58.36:624][  0]LogUObjectAllocator: 6935840 out of 0 bytes used by permanent object pool.
[2017.04.30-15.58.36:624][  0]LogUObjectArray: CloseDisregardForGC: 0/0 objects in disregard for GC pool
[2017.04.30-15.58.36:745][  0]LogInit: WinSock: version 1.1 (2.2), MaxSocks=32767, MaxUdp=65467
[2017.04.30-15.58.40:091][  0]LogSlate: Using Freetype 2.6.0
[2017.04.30-15.58.40:164][  0]LogSlate: SlateFontCache - WITH_FREETYPE: 1, WITH_HARFBUZZ: 1
[2017.04.30-15.58.40:164][  0]LogSlate: SlateFontCache - WITH_FREETYPE: 1, WITH_HARFBUZZ: 1
[2017.04.30-15.58.49:264][  0]LogSubstanceCoreModule: Substance CPU Engine Loaded, Max Texture Size 2048
[2017.04.30-15.58.49:323][  0]LogTcpMessaging: Initializing TcpMessaging bridge
[2017.04.30-15.58.49:369][  0]LogUdpMessaging: Initializing bridge on interface 0.0.0.0:0 to multicast group 230.0.0.1:6666.
[2017.04.30-15.58.50:237][  0]LogMaterial: Uniform references updated for custom material expression Custom.
[2017.04.30-15.58.51:000][  0]SourceControl: Info Source control is disabled
[2017.04.30-15.58.51:032][  0]SourceControl: Info Source control is disabled
[2017.04.30-15.58.51:190][  0]SourceControl: Info Source control is disabled
[2017.04.30-15.58.51:278][  0]SourceControl: Info Source control is disabled
[2017.04.30-15.58.53:659][  0]LogEngine: Initializing Engine...
[2017.04.30-15.58.53:665][  0]LogHMD: Failed to initialize OpenVR with code 110
[2017.04.30-15.58.54:563][  0]LogAIModule: Creating AISystem for world Untitled
[2017.04.30-15.58.54:616][  0]LogInit: XAudio2 using 'Speakers (USB  AUDIO  )' : 2 channels at 48 kHz using 16 bits per sample (channel mask 0x3)
[2017.04.30-15.58.54:636][  0]LogInit: FAudioDevice initialized.
[2017.04.30-15.58.54:684][  0]LogDerivedDataCache: Saved boot cache 0.02s 50MB C:/Users/Demonic/AppData/Local/UnrealEngine/4.14/DerivedDataCache/Boot.ddc.
[2017.04.30-15.58.54:693][  0]LogInit: Texture streaming: Enabled
[2017.04.30-15.58.55:070][  0]LogInit: Transaction tracking system initialized
[2017.04.30-15.58.56:141][  0]BlueprintLog: New page: Editor Load
[2017.04.30-15.58.59:995][  0]LocalizationService: Info Localization service is disabled
[2017.04.30-15.59.02:455][  0]LogConsoleResponse:Display: 
[2017.04.30-15.59.06:205][  0]LogFileCache: Scanning file cache for directory 'C:/Users/Demonic/Desktop/GrimToll/Content/' took 0.02s
[2017.04.30-15.59.06:205][  0]LogCook:Display: Max memory allowance for cook 16384mb min free memory 0mb
[2017.04.30-15.59.06:205][  0]LogCook:Display: Mobile HDR setting 1
[2017.04.30-15.59.11:104][  0]SourceControl: Info Source control is disabled
[2017.04.30-15.59.11:176][  0]Cmd: MAP LOAD FILE="../../../../../../Users/Demonic/Desktop/GrimToll/Content/FirstPersonBP/Maps/FirstPersonExampleMap.umap" TEMPLATE=0 SHOWPROGRESS=1 FEATURELEVEL=3
[2017.04.30-15.59.11:276][  0]LightingResults: New page: Lighting Build
[2017.04.30-15.59.11:469][  0]MapCheck: New page: Map Check
[2017.04.30-15.59.11:469][  0]LightingResults: New page: Lighting Build
[2017.04.30-15.59.24:367][  0]LogAIModule: Creating AISystem for world FirstPersonExampleMap
[2017.04.30-15.59.25:326][  0]LogEditorServer: Finished looking for orphan Actors (0.000 secs)
[2017.04.30-15.59.25:410][  0]Cmd: MAP CHECKDEP NOCLEARLOG
[2017.04.30-15.59.25:449][  0]MapCheck: Info Map check complete: 0 Error(s), 0 Warning(s), took 38.386ms to complete.
[2017.04.30-15.59.25:449][  0]LogFileHelpers: Loading map 'FirstPersonExampleMap' took 14.307
[2017.04.30-15.59.28:035][  0]LogCollectionManager: Loaded 0 collections in 0.067490 seconds
[2017.04.30-15.59.29:110][  0]LogFileCache: Scanning file cache for directory 'C:/Users/Demonic/Desktop/GrimToll/Saved/Collections/' took 0.01s
[2017.04.30-15.59.29:110][  0]LogFileCache: Scanning file cache for directory 'C:/Users/Demonic/Desktop/GrimToll/Content/Developers/Demonic/Collections/' took 0.01s
[2017.04.30-15.59.29:110][  0]LogFileCache: Scanning file cache for directory 'C:/Users/Demonic/Desktop/GrimToll/Content/Collections/' took 0.00s
[2017.04.30-15.59.29:110][  0]LogCollectionManager: Rebuilt the GUID cache for 0 collections in 0.000002 seconds
[2017.04.30-15.59.29:689][  0]LogContentBrowser: Native class hierarchy populated in 0.1696 seconds. Added 2205 classes and 434 folders.
[2017.04.30-15.59.30:003][  0]LogStats: UGameplayTagsManager::ConstructGameplayTagTree: Construct from data asset -  0.000 s
[2017.04.30-15.59.30:003][  0]LogStats: UGameplayTagsManager::ConstructGameplayTagTree: GameplayTagTreeChangedEvent.Broadcast -  0.000 s
[2017.04.30-15.59.30:019][  0]LogContentBrowser: Native class hierarchy updated for 'GameplayTags' in 0.0005 seconds. Added 13 classes and 0 folders.
[2017.04.30-15.59.30:202][  0]LogContentBrowser: Native class hierarchy updated for 'WidgetCarousel' in 0.0005 seconds. Added 0 classes and 0 folders.
[2017.04.30-15.59.36:617][  0]LogContentBrowser: Native class hierarchy updated for 'AddContentDialog' in 0.0005 seconds. Added 0 classes and 0 folders.
[2017.04.30-15.59.37:092][  0]LogContentBrowser: Native class hierarchy updated for 'SceneOutliner' in 0.0005 seconds. Added 1 classes and 2 folders.
[2017.04.30-15.59.38:384][  0]LogCrashTracker: Crashtracker disabled due to settings.
[2017.04.30-15.59.38:507][  0]LogUObjectGlobals:Warning: Failed to find object 'Class None.'
[2017.04.30-15.59.38:961][  0]LogContentBrowser: Native class hierarchy updated for 'HierarchicalLODOutliner' in 0.0005 seconds. Added 1 classes and 2 folders.
[2017.04.30-15.59.38:962][  0]LogLoad: (Engine Initialization) Total time: 100.56 seconds
[2017.04.30-15.59.38:962][  0]LogLoad: (Engine Initialization) Total Blueprint compile time: 0.84 seconds
[2017.04.30-15.59.39:020][  0]LogExternalProfiler: Found external profiler: VSPerf
[2017.04.30-15.59.39:020][  0]LogExternalProfiler: Using external profiler: VSPerf
[2017.04.30-15.59.39:402][  0]LogOcInput: OculusInput pre-init called
[2017.04.30-15.59.39:522][  0]LogContentStreaming: Texture pool size now 1000 MB
[2017.04.30-15.59.40:739][  0]LogRenderer: Reallocating scene render targets to support 1020x576 NumSamples 1 (Frame:2).
[2017.04.30-15.59.41:610][  3]LogAssetRegistry: Asset discovery search completed in 65.4522 seconds
[2017.04.30-15.59.41:610][  3]LogCollectionManager: Rebuilt the object cache for 0 collections in 0.000001 seconds (found 0 objects)
[2017.04.30-15.59.41:610][  3]LogCollectionManager: Fixed up redirectors for 0 collections in 0.000017 seconds (updated 0 objects)
[2017.04.30-15.59.50:503][335]LogTemp: Repeting last play command: New Editor Window (PIE)
[2017.04.30-15.59.50:513][335]LogBlueprintUserMessages: Early PlayInEditor Detection: Level '/Game/FirstPersonBP/Maps/FirstPersonExampleMap.FirstPersonExampleMap:PersistentLevel' has LevelScriptBlueprint '/Game/FirstPersonBP/Maps/FirstPersonExampleMap.FirstPersonExampleMap:PersistentLevel.FirstPersonExampleMap' with GeneratedClass '/Game/FirstPersonBP/Maps/FirstPersonExampleMap.FirstPersonExampleMap_C' with ClassGeneratedBy '/Game/FirstPersonBP/Maps/FirstPersonExampleMap.FirstPersonExampleMap:PersistentLevel.FirstPersonExampleMap'
[2017.04.30-15.59.50:513][335]LogPlayLevel: PlayLevel: No blueprints needed recompiling
[2017.04.30-15.59.50:728][335]PIE: New page: PIE session: FirstPersonExampleMap (Apr 30, 2017, 1:59:50 AM)
[2017.04.30-15.59.50:728][335]LogPlayLevel: Creating play world package: /Game/FirstPersonBP/Maps/UEDPIE_0_FirstPersonExampleMap
[2017.04.30-15.59.50:732][335]LogPlayLevel: PIE: StaticDuplicateObject took: (0.004297s)
[2017.04.30-15.59.50:733][335]LogAIModule: Creating AISystem for world FirstPersonExampleMap
[2017.04.30-15.59.50:734][335]LogPlayLevel: PIE: World Init took: (0.001137s)
[2017.04.30-15.59.50:734][335]LogPlayLevel: PIE: Created PIE world by copying editor world from /Game/FirstPersonBP/Maps/FirstPersonExampleMap.FirstPersonExampleMap to /Game/FirstPersonBP/Maps/UEDPIE_0_FirstPersonExampleMap.FirstPersonExampleMap (0.005676s)
[2017.04.30-15.59.51:005][335]LogInit: XAudio2 using 'Speakers (USB  AUDIO  )' : 2 channels at 48 kHz using 16 bits per sample (channel mask 0x3)
[2017.04.30-15.59.51:009][335]LogInit: FAudioDevice initialized.
[2017.04.30-15.59.51:081][335]LogLoad: Game class is 'FirstPersonGameMode_C'
[2017.04.30-15.59.51:084][335]LogWorld: Bringing World /Game/FirstPersonBP/Maps/UEDPIE_0_FirstPersonExampleMap.FirstPersonExampleMap up for play (max tick rate 0) at 2017.04.30-08.59.51
[2017.04.30-15.59.51:085][335]LogWorld: Bringing up level for play took: 0.002213
[2017.04.30-15.59.51:724][335]LogContentBrowser: Native class hierarchy updated for 'MovieSceneCapture' in 0.0006 seconds. Added 11 classes and 0 folders.
[2017.04.30-15.59.51:729][335]PIE: Info Play in editor start time for /Game/FirstPersonBP/Maps/UEDPIE_0_FirstPersonExampleMap 1.226
[2017.04.30-15.59.51:729][335]LogBlueprintUserMessages: Late PlayInEditor Detection: Level '/Game/FirstPersonBP/Maps/FirstPersonExampleMap.FirstPersonExampleMap:PersistentLevel' has LevelScriptBlueprint '/Game/FirstPersonBP/Maps/FirstPersonExampleMap.FirstPersonExampleMap:PersistentLevel.FirstPersonExampleMap' with GeneratedClass '/Game/FirstPersonBP/Maps/FirstPersonExampleMap.FirstPersonExampleMap_C' with ClassGeneratedBy '/Game/FirstPersonBP/Maps/FirstPersonExampleMap.FirstPersonExampleMap:PersistentLevel.FirstPersonExampleMap'
[2017.04.30-15.59.51:755][335]LogRenderer: Reallocating scene render targets to support 1292x756 NumSamples 1 (Frame:337).
[2017.04.30-16.01.12:498][670]LogBlueprintUserMessages: Early EndPlayMap Detection: Level '/Game/FirstPersonBP/Maps/FirstPersonExampleMap.FirstPersonExampleMap:PersistentLevel' has LevelScriptBlueprint '/Game/FirstPersonBP/Maps/FirstPersonExampleMap.FirstPersonExampleMap:PersistentLevel.FirstPersonExampleMap' with GeneratedClass '/Game/FirstPersonBP/Maps/FirstPersonExampleMap.FirstPersonExampleMap_C' with ClassGeneratedBy '/Game/FirstPersonBP/Maps/FirstPersonExampleMap.FirstPersonExampleMap:PersistentLevel.FirstPersonExampleMap'
[2017.04.30-16.01.12:567][670]LogBlueprintUserMessages: Late EndPlayMap Detection: Level '/Game/FirstPersonBP/Maps/FirstPersonExampleMap.FirstPersonExampleMap:PersistentLevel' has LevelScriptBlueprint '/Game/FirstPersonBP/Maps/FirstPersonExampleMap.FirstPersonExampleMap:PersistentLevel.FirstPersonExampleMap' with GeneratedClass '/Game/FirstPersonBP/Maps/FirstPersonExampleMap.FirstPersonExampleMap_C' with ClassGeneratedBy '/Game/FirstPersonBP/Maps/FirstPersonExampleMap.FirstPersonExampleMap:PersistentLevel.FirstPersonExampleMap'
[2017.04.30-16.01.15:747][887]MapCheck: New page: Map Check
[2017.04.30-16.01.16:046][887]Cmd: MAP REBUILD ALLVISIBLE
[2017.04.30-16.01.16:094][887]LogEditorServer: Rebuildmap Clear paths rebuilt
[2017.04.30-16.01.17:503][887]LightingResults: New page: Lighting Build - Apr 30, 2017, 2:01:17 AM
[2017.04.30-16.01.21:154][887]LogSwarmInterface: [OpenConnection] Registering TCP channel ...
[2017.04.30-16.01.21:644][887]LogSwarmInterface: [OpenConnection] Connecting to agent ...
[2017.04.30-16.01.22:149][887]LogSwarmInterface: [TryOpenConnection] Testing the Agent
[2017.04.30-16.01.26:050][887]LogSwarmInterface:Error: [TryOpenConnection] Waiting for the agent to start up ...
[2017.04.30-16.01.26:900][887]LogSwarmInterface:Error: System.Net.Sockets.SocketException (0x80004005): No connection could be made because the target machine actively refused it 127.0.0.1:8008

Server stack trace: 
   at System.Net.Sockets.Socket.DoConnect(EndPoint endPointSnapshot, SocketAddress socketAddress)
   at System.Net.Sockets.Socket.Connect(EndPoint remoteEP)
   at System.Runtime.Remoting.Channels.RemoteConnection.CreateNewSocket(EndPoint ipEndPoint)
   at System.Runtime.Remoting.Channels.SocketCache.GetSocket(String machinePortAndSid, Boolean openNew)
   at System.Runtime.Remoting.Channels.Tcp.TcpClientTransportSink.SendRequestWithRetry(IMessage msg, ITransportHeaders requestHeaders, Stream requestStream)
   at System.Runtime.Remoting.Channels.Tcp.TcpClientTransportSink.AsyncProcessRequest(IClientChannelSinkStack sinkStack, IMessage msg, ITransportHeaders headers, Stream stream)
   at System.Runtime.Remoting.Channels.BinaryClientFormatterSink.AsyncProcessMessage(IMessage msg, IMessageSink replySink)

Exception rethrown at [0]: 
   at System.Runtime.Remoting.Proxies.RealProxy.HandleReturnMessage(IMessage reqMsg, IMessage retMsg)
   at System.Runtime.Remoting.Proxies.RealProxy.PrivateInvoke(MessageData& msgData, Int32 type)
   at NSwarm.IAgentInterfaceWrapper.MethodDelegate.EndInvoke(Hashtable& OutParameters, IAsyncResult result)
   at NSwarm.FSwarmInterface.TryOpenConnection(FConnectionCallback CallbackFunc, IntPtr CallbackData, ELogFlags LoggingFlags)
[2017.04.30-16.01.33:898][887]LogSwarmInterface:Error: [TryOpenConnection] Waiting for the agent to start up ...
[2017.04.30-16.01.33:898][887]LogSwarmInterface:Error: System.Net.Sockets.SocketException (0x80004005): No connection could be made because the target machine actively refused it 127.0.0.1:8008

Server stack trace: 
   at System.Net.Sockets.Socket.DoConnect(EndPoint endPointSnapshot, SocketAddress socketAddress)
   at System.Net.Sockets.Socket.Connect(EndPoint remoteEP)
   at System.Runtime.Remoting.Channels.RemoteConnection.CreateNewSocket(EndPoint ipEndPoint)
   at System.Runtime.Remoting.Channels.SocketCache.GetSocket(String machinePortAndSid, Boolean openNew)
   at System.Runtime.Remoting.Channels.Tcp.TcpClientTransportSink.SendRequestWithRetry(IMessage msg, ITransportHeaders requestHeaders, Stream requestStream)
   at System.Runtime.Remoting.Channels.Tcp.TcpClientTransportSink.AsyncProcessRequest(IClientChannelSinkStack sinkStack, IMessage msg, ITransportHeaders headers, Stream stream)
   at System.Runtime.Remoting.Channels.BinaryClientFormatterSink.AsyncProcessMessage(IMessage msg, IMessageSink replySink)

Exception rethrown at [0]: 
   at System.Runtime.Remoting.Proxies.RealProxy.HandleReturnMessage(IMessage reqMsg, IMessage retMsg)
   at System.Runtime.Remoting.Proxies.RealProxy.PrivateInvoke(MessageData& msgData, Int32 type)
   at NSwarm.IAgentInterfaceWrapper.MethodDelegate.EndInvoke(Hashtable& OutParameters, IAsyncResult result)
   at NSwarm.FSwarmInterface.TryOpenConnection(FConnectionCallback CallbackFunc, IntPtr CallbackData, ELogFlags LoggingFlags)
[2017.04.30-16.01.39:415][887]LogSwarmInterface: [TryOpenConnection] Opening Connection to Agent
[2017.04.30-16.01.39:415][887]LogSwarmInterface: [TryOpenConnection] Local Process ID is 8352
[2017.04.30-16.01.55:497][887]LogStaticLightingSystem: Running Lightmass w/ ImmediateImport mode ENABLED
[2017.04.30-16.01.55:497][887]LogStaticLightingSystem: Running Lightmass w/ ImmediateProcess mode ENABLED
[2017.04.30-16.01.55:497][887]LogStaticLightingSystem: Running Lightmass w/ Sorting mode ENABLED
[2017.04.30-16.01.55:497][887]LogStaticLightingSystem: Running Lightmass w/ Mapping paddings ENABLED
[2017.04.30-16.01.55:497][887]LogStaticLightingSystem: Running Lightmass w/ Mapping debug paddings DISABLED
[2017.04.30-16.01.56:853][887]LogEditorBuildUtils: Build time 0:40
[2017.04.30-16.02.12:206][327]Job is a success!
[2017.04.30-16.02.15:983][329]LogTexture:Display: Building textures: HQ_Lightmap0_2 (AutoDXT)
[2017.04.30-16.02.15:983][329]LogTexture:Display: Building textures: HQ_Lightmap1_3 (AutoDXT)
[2017.04.30-16.02.15:983][329]LogTexture:Display: Building textures: HQ_Lightmap0_1 (AutoDXT)
[2017.04.30-16.02.15:983][329]LogTexture:Display: Building textures: LQ_Lightmap_1_3 (DXT1)
[2017.04.30-16.02.15:983][329]LogTexture:Display: Building textures: LQ_Lightmap_0_1 (DXT1)
[2017.04.30-16.02.15:983][329]LogTexture:Display: Building textures: LQ_Lightmap_0_2 (DXT1)
[2017.04.30-16.02.15:983][329]LogTexture:Display: Building textures: HQ_Lightmap1_4 (AutoDXT)
[2017.04.30-16.02.15:983][329]LogTexture:Display: Building textures: LQ_Lightmap_1_4 (DXT1)
[2017.04.30-16.02.16:184][329]LogTexture:Display: Building textures: ShadowMapTexture2D_6 (BGRA8)
[2017.04.30-16.02.16:184][329]LogTexture:Display: Building textures: ShadowMapTexture2D_7 (BGRA8)
[2017.04.30-16.02.16:184][329]LogTexture:Display: Building textures: ShadowMapTexture2D_5 (BGRA8)
[2017.04.30-16.02.29:702][329]Lightmass on GODLIKESYSTEM: 16.7 sec total, 901 ms importing, 49 ms setup, 3.44 sec photons, 11.2 sec processing, 0 ms extra exporting [19/19 mappings]. Threads: 1:18 min total, 16.8 sec processing.
[2017.04.30-16.02.29:891][329]LogStaticLightingSystem: Illumination: 1:12 min (849 ms encoding lightmaps, 200 ms encoding shadowmaps)
[2017.04.30-16.02.29:891][329]LogStaticLightingSystem: Lightmap texture memory:  8.6 MB (0.6 MB streaming, 8.0 MB non-streaming), 8 textures
[2017.04.30-16.02.29:891][329]LogStaticLightingSystem: Shadowmap texture memory: 0.8 MB (0.8 MB streaming, 0.0 MB non-streaming), 3 textures
[2017.04.30-16.02.31:012][329]DumpUnbuiltLightIteractions
[2017.04.30-16.02.31:012][329]Lights with unbuilt interactions: 0
[2017.04.30-16.02.31:012][329]
[2017.04.30-16.02.31:012][329]Primitives with unbuilt interactions: 0
[2017.04.30-16.02.31:018][330]Cmd: MAP CHECK NOTIFYRESULTS
[2017.04.30-16.02.31:018][330]MapCheck: New page: FirstPersonExampleMap - Apr 30, 2017, 2:02:31 AM
[2017.04.30-16.02.31:357][330]MapCheck:Warning: Warning FireballRed_110 Static mesh actor has NULL StaticMesh property 
[2017.04.30-16.02.31:401][330]MapCheck: Info Map check complete: 0 Error(s), 1 Warning(s), took 382.614ms to complete.
[2017.04.30-16.03.56:361][268]Cmd: QUIT_EDITOR
[2017.04.30-16.03.56:802][268]LogExit: Preparing to exit.
[2017.04.30-16.03.57:949][268]LogDirectoryWatcher: A directory notification for 'C:/Users/Demonic/Desktop/GrimToll/Content/' was aborted.
[2017.04.30-16.03.58:089][268]LogExit: Editor shut down
[2017.04.30-16.03.58:089][268]LogExit: Transaction tracking system shut down
[2017.04.30-16.04.02:546][268]LogObj: Freed 0b from 0 cluster array pools.
[2017.04.30-16.04.02:559][268]LogExit: Object subsystem successfully closed.
[2017.04.30-16.04.03:195][268]LogD3D11RHI: Shutdown
[2017.04.30-16.04.03:202][268]LogD3D11RHI: CleanupD3DDevice
[2017.04.30-16.04.03:473][268]LogD3D11RHI: ~FD3D11DynamicRHI
[2017.04.30-16.04.04:747][268]LogHttp:Display: Http module shutting down, but needs to wait on 1 outstanding Http requests:
[2017.04.30-16.04.04:747][268]LogHttp:Display: 	verb=[POST] url=[https://datarouter.ol.epicgames.com/datarouter/api/v1/public/data?SessionID=%7B3192D952-4E05-1796-8516-E5978562D3CD%7D&AppID=UEEditor.Rocket.Release&AppVersion=4.14.3-3249277%2B%2B%2BUE4%2BRelease-4.14&UserID=dc2855e143a784bf85482687b1ab21b6%7C28f704db49aa41c29ea3e9d953129a00%7C3a01386e-9d16-452b-a64d-2800606130a4&AppEnvironment=datacollector-binary&UploadType=eteventstream] status=Processing
[2017.04.30-16.04.04:848][268]LogModuleManager: Shutting down and abandoning module MovieSceneCapture (244)
[2017.04.30-16.04.04:858][268]LogModuleManager: Shutting down and abandoning module HierarchicalLODOutliner (243)
[2017.04.30-16.04.04:861][268]LogModuleManager: Shutting down and abandoning module CrashTracker (242)
[2017.04.30-16.04.04:861][268]LogModuleManager: Shutting down and abandoning module SceneOutliner (241)
[2017.04.30-16.04.04:861][268]LogModuleManager: Shutting down and abandoning module WidgetCarousel (240)
[2017.04.30-16.04.04:861][268]LogModuleManager: Shutting down and abandoning module AddContentDialog (239)
[2017.04.30-16.04.04:870][268]LogDirectoryWatcher: A directory notification for 'C:/Program Files/Epic Games/4.14/FeaturePacks/' was aborted.
[2017.04.30-16.04.04:872][268]LogModuleManager: Shutting down and abandoning module GameplayTags (238)
[2017.04.30-16.04.04:872][268]LogModuleManager: Shutting down and abandoning module EditorWidgets (237)
[2017.04.30-16.04.04:872][268]LogModuleManager: Shutting down and abandoning module CollectionManager (236)
[2017.04.30-16.04.04:872][268]LogDirectoryWatcher: A directory notification for 'C:/Users/Demonic/Desktop/GrimToll/Content/Collections/' was aborted.
[2017.04.30-16.04.04:872][268]LogDirectoryWatcher: A directory notification for 'C:/Users/Demonic/Desktop/GrimToll/Content/Developers/Demonic/Collections/' was aborted.
[2017.04.30-16.04.04:872][268]LogDirectoryWatcher: A directory notification for 'C:/Users/Demonic/Desktop/GrimToll/Saved/Collections/' was aborted.
[2017.04.30-16.04.04:872][268]LogModuleManager: Shutting down and abandoning module StatsViewer (235)
[2017.04.30-16.04.04:908][268]LogModuleManager: Shutting down and abandoning module FoliageEdit (234)
[2017.04.30-16.04.04:918][268]LogModuleManager: Shutting down and abandoning module LandscapeEditor (233)
[2017.04.30-16.04.04:969][268]LogModuleManager: Shutting down and abandoning module SceneDepthPickerMode (232)
[2017.04.30-16.04.04:970][268]LogModuleManager: Shutting down and abandoning module ActorPickerMode (231)
[2017.04.30-16.04.04:970][268]LogModuleManager: Shutting down and abandoning module GeometryMode (230)
[2017.04.30-16.04.04:970][268]LogModuleManager: Shutting down and abandoning module TextureAlignMode (229)
[2017.04.30-16.04.04:970][268]LogModuleManager: Shutting down and abandoning module BspMode (228)
[2017.04.30-16.04.05:003][268]LogModuleManager: Shutting down and abandoning module HardwareSurvey (227)
[2017.04.30-16.04.05:013][268]LogModuleManager: Shutting down and abandoning module SequenceRecorderSections (226)
[2017.04.30-16.04.05:013][268]LogModuleManager: Shutting down and abandoning module AutomationWorker (225)
[2017.04.30-16.04.05:021][268]LogModuleManager: Shutting down and abandoning module MatineeToLevelSequence (224)
[2017.04.30-16.04.05:029][268]LogModuleManager: Shutting down and abandoning module PlacementMode (223)
[2017.04.30-16.04.05:047][268]LogModuleManager: Shutting down and abandoning module LevelSequenceEditor (222)
[2017.04.30-16.04.05:063][268]LogModuleManager: Shutting down and abandoning module WmfMediaFactory (221)
[2017.04.30-16.04.05:063][268]LogModuleManager: Shutting down and abandoning module WmfMediaEditor (220)
[2017.04.30-16.04.05:063][268]LogModuleManager: Shutting down and abandoning module AvfMediaFactory (219)
[2017.04.30-16.04.05:063][268]LogModuleManager: Shutting down and abandoning module AvfMediaEditor (218)
[2017.04.30-16.04.05:063][268]LogModuleManager: Shutting down and abandoning module Media (217)
[2017.04.30-16.04.05:063][268]LogModuleManager: Shutting down and abandoning module AndroidMediaFactory (216)
[2017.04.30-16.04.05:063][268]LogModuleManager: Shutting down and abandoning module AndroidMediaEditor (215)
[2017.04.30-16.04.05:063][268]LogModuleManager: Shutting down and abandoning module CharacterAI (214)
[2017.04.30-16.04.05:063][268]LogModuleManager: Shutting down and abandoning module SequenceRecorder (213)
[2017.04.30-16.04.05:200][268]LogModuleManager: Shutting down and abandoning module AudioCapture (212)
[2017.04.30-16.04.05:200][268]LogModuleManager: Shutting down and abandoning module SmartSnapping (211)
[2017.04.30-16.04.05:200][268]LogModuleManager: Shutting down and abandoning module SessionServices (210)
[2017.04.30-16.04.05:200][268]LogModuleManager: Shutting down and abandoning module ViewportSnapping (209)
[2017.04.30-16.04.05:200][268]LogModuleManager: Shutting down and abandoning module ViewportInteraction (208)
[2017.04.30-16.04.05:200][268]LogModuleManager: Shutting down and abandoning module LogVisualizer (207)
[2017.04.30-16.04.05:237][268]LogModuleManager: Shutting down and abandoning module GameProjectGeneration (206)
[2017.04.30-16.04.05:294][268]LogModuleManager: Shutting down and abandoning module IntroTutorials (205)
[2017.04.30-16.04.05:303][268]LogModuleManager: Shutting down and abandoning module EditorLiveStreaming (204)
[2017.04.30-16.04.05:303][268]LogModuleManager: Shutting down and abandoning module IOSPlatformEditor (203)
[2017.04.30-16.04.05:339][268]LogModuleManager: Shutting down and abandoning module HTML5PlatformEditor (202)
[2017.04.30-16.04.05:339][268]LogModuleManager: Shutting down and abandoning module AndroidDeviceDetection (201)
[2017.04.30-16.04.05:569][268]LogModuleManager: Shutting down and abandoning module AndroidPlatformEditor (200)
[2017.04.30-16.04.05:590][268]LogModuleManager: Shutting down and abandoning module IOSRuntimeSettings (199)
[2017.04.30-16.04.05:590][268]LogModuleManager: Shutting down and abandoning module AndroidRuntimeSettings (198)
[2017.04.30-16.04.05:590][268]LogModuleManager: Shutting down and abandoning module InputBindingEditor (197)
[2017.04.30-16.04.05:598][268]LogModuleManager: Shutting down and abandoning module NiagaraEditor (196)
[2017.04.30-16.04.05:625][268]LogModuleManager: Shutting down and abandoning module MergeActors (195)
[2017.04.30-16.04.05:633][268]LogModuleManager: Shutting down and abandoning module SizeMap (194)
[2017.04.30-16.04.05:636][268]LogModuleManager: Shutting down and abandoning module TreeMap (193)
[2017.04.30-16.04.05:643][268]LogModuleManager: Shutting down and abandoning module ReferenceViewer (192)
[2017.04.30-16.04.05:643][268]LogModuleManager: Shutting down and abandoning module LocalizationService (191)
[2017.04.30-16.04.05:649][268]LogModuleManager: Shutting down and abandoning module LocalizationDashboard (190)
[2017.04.30-16.04.05:655][268]LogModuleManager: Shutting down and abandoning module HardwareTargeting (189)
[2017.04.30-16.04.05:665][268]LogModuleManager: Shutting down and abandoning module DeviceProfileEditor (188)
[2017.04.30-16.04.05:681][268]LogModuleManager: Shutting down and abandoning module UndoHistory (187)
[2017.04.30-16.04.05:688][268]LogModuleManager: Shutting down and abandoning module UserFeedback (186)
[2017.04.30-16.04.05:688][268]LogModuleManager: Shutting down and abandoning module XmlParser (185)
[2017.04.30-16.04.05:693][268]LogModuleManager: Shutting down and abandoning module Blutility (184)
[2017.04.30-16.04.05:701][268]LogModuleManager: Shutting down and abandoning module ProjectTargetPlatformEditor (183)
[2017.04.30-16.04.05:701][268]LogModuleManager: Shutting down and abandoning module ProjectSettingsViewer (182)
[2017.04.30-16.04.05:701][268]LogModuleManager: Shutting down and abandoning module EditorSettingsViewer (181)
[2017.04.30-16.04.05:701][268]LogModuleManager: Shutting down and abandoning module SettingsEditor (180)
[2017.04.30-16.04.05:707][268]LogModuleManager: Shutting down and abandoning module ProjectLauncher (179)
[2017.04.30-16.04.05:723][268]LogModuleManager: Shutting down and abandoning module SessionFrontend (178)
[2017.04.30-16.04.05:733][268]LogModuleManager: Shutting down and abandoning module ProfilerClient (177)
[2017.04.30-16.04.05:743][268]LogModuleManager: Shutting down and abandoning module TargetDeviceServices (176)
[2017.04.30-16.04.05:743][268]LogModuleManager: Shutting down and abandoning module DeviceManager (175)
[2017.04.30-16.04.05:801][268]LogModuleManager: Shutting down and abandoning module AutomationController (174)
[2017.04.30-16.04.05:809][268]LogModuleManager: Shutting down and abandoning module AutomationWindow (173)
[2017.04.30-16.04.05:827][268]LogModuleManager: Shutting down and abandoning module Layers (172)
[2017.04.30-16.04.05:838][268]LogModuleManager: Shutting down and abandoning module ComponentVisualizers (171)
[2017.04.30-16.04.05:838][268]LogModuleManager: Shutting down and abandoning module DetailCustomizations (170)
[2017.04.30-16.04.05:850][268]LogModuleManager: Shutting down and abandoning module PackagesDialog (169)
[2017.04.30-16.04.05:850][268]LogModuleManager: Shutting down and abandoning module AnimGraph (168)
[2017.04.30-16.04.05:850][268]LogModuleManager: Shutting down and abandoning module Persona (167)
[2017.04.30-16.04.05:868][268]LogModuleManager: Shutting down and abandoning module Kismet (166)
[2017.04.30-16.04.05:882][268]LogModuleManager: Shutting down and abandoning module GraphEditor (165)
[2017.04.30-16.04.05:890][268]LogModuleManager: Shutting down and abandoning module ClassViewer (164)
[2017.04.30-16.04.05:897][268]LogModuleManager: Shutting down and abandoning module Toolbox (163)
[2017.04.30-16.04.05:897][268]LogModuleManager: Shutting down and abandoning module ModuleUI (162)
[2017.04.30-16.04.05:902][268]LogModuleManager: Shutting down and abandoning module MovieSceneTools (161)
[2017.04.30-16.04.05:921][268]LogModuleManager: Shutting down and abandoning module OutputLog (160)
[2017.04.30-16.04.05:939][268]LogModuleManager: Shutting down and abandoning module GammaUI (159)
[2017.04.30-16.04.05:959][268]LogModuleManager: Shutting down and abandoning module Documentation (158)
[2017.04.30-16.04.05:959][268]LogModuleManager: Shutting down and abandoning module Niagara (157)
[2017.04.30-16.04.05:959][268]LogModuleManager: Shutting down and abandoning module StreamingPauseRendering (156)
[2017.04.30-16.04.05:959][268]LogModuleManager: Shutting down and abandoning module AnalyticsET (155)
[2017.04.30-16.04.05:959][268]LogModuleManager: Shutting down and abandoning module PortalServices (154)
[2017.04.30-16.04.05:959][268]LogModuleManager: Shutting down and abandoning module PortalRpc (153)
[2017.04.30-16.04.05:959][268]LogModuleManager: Shutting down and abandoning module MessagingRpc (152)
[2017.04.30-16.04.05:959][268]LogModuleManager: Shutting down and abandoning module GameplayDebugger (151)
[2017.04.30-16.04.05:975][268]LogModuleManager: Shutting down and abandoning module AITestSuite (150)
[2017.04.30-16.04.05:984][268]LogModuleManager: Shutting down and abandoning module AIModule (149)
[2017.04.30-16.04.05:984][268]LogModuleManager: Shutting down and abandoning module ProfilerService (148)
[2017.04.30-16.04.06:198][268]LogModuleManager: Shutting down and abandoning module TaskGraph (147)
[2017.04.30-16.04.06:204][268]LogModuleManager: Shutting down and abandoning module SubstanceEditor (146)
[2017.04.30-16.04.06:225][268]LogModuleManager: Shutting down and abandoning module SlateRemote (145)
[2017.04.30-16.04.06:225][268]LogModuleManager: Shutting down and abandoning module SteamVRController (144)
[2017.04.30-16.04.06:225][268]LogModuleManager: Shutting down and abandoning module SteamVR (143)
[2017.04.30-16.04.06:225][268]LogModuleManager: Shutting down and abandoning module ProceduralMeshComponentEditor (142)
[2017.04.30-16.04.06:237][268]LogModuleManager: Shutting down and abandoning module ProceduralMeshComponent (141)
[2017.04.30-16.04.06:241][268]LogModuleManager: Shutting down and abandoning module OculusLibrary (140)
[2017.04.30-16.04.06:241][268]LogModuleManager: Shutting down and abandoning module OculusInput (139)
[2017.04.30-16.04.06:241][268]LogModuleManager: Shutting down and abandoning module MobilePatchingUtils (138)
[2017.04.30-16.04.06:241][268]LogModuleManager: Shutting down and abandoning module CustomMeshComponent (137)
[2017.04.30-16.04.06:241][268]LogModuleManager: Shutting down and abandoning module CableComponent (136)
[2017.04.30-16.04.06:251][268]LogModuleManager: Shutting down and abandoning module ArchVisCharacter (135)
[2017.04.30-16.04.06:251][268]LogModuleManager: Shutting down and abandoning module MediaPlayerEditor (133)
[2017.04.30-16.04.06:289][268]LogModuleManager: Shutting down and abandoning module HTML5Networking (132)
[2017.04.30-16.04.06:290][268]LogModuleManager: Shutting down and abandoning module GeometryCacheEd (131)
[2017.04.30-16.04.06:290][268]LogModuleManager: Shutting down and abandoning module GeometryCache (130)
[2017.04.30-16.04.06:290][268]LogModuleManager: Shutting down and abandoning module AlembicLibrary (129)
[2017.04.30-16.04.06:296][268]LogModuleManager: Shutting down and abandoning module AlembicImporter (128)
[2017.04.30-16.04.06:305][268]LogModuleManager: Shutting down and abandoning module SuperSearch (127)
[2017.04.30-16.04.06:305][268]LogModuleManager: Shutting down and abandoning module SuperSearchEditor (126)
[2017.04.30-16.04.06:305][268]LogModuleManager: Shutting down and abandoning module SpeedTreeImporter (125)
[2017.04.30-16.04.06:305][268]LogModuleManager: Shutting down and abandoning module PluginBrowser (124)
[2017.04.30-16.04.06:312][268]LogModuleManager: Shutting down and abandoning module MobileLauncherProfileWizard (123)
[2017.04.30-16.04.06:318][268]LogModuleManager: Shutting down and abandoning module EpicSurvey (122)
[2017.04.30-16.04.06:325][268]LogModuleManager: Shutting down and abandoning module DesktopPlatform (121)
[2017.04.30-16.04.06:325][268]LogModuleManager: Shutting down and abandoning module VisualStudioSourceCodeAccess (120)
[2017.04.30-16.04.06:327][268]LogModuleManager: Shutting down and abandoning module UObjectPlugin (119)
[2017.04.30-16.04.06:327][268]LogModuleManager: Shutting down and abandoning module SubversionSourceControl (118)
[2017.04.30-16.04.06:337][268]LogModuleManager: Shutting down and abandoning module PerforceSourceControl (117)
[2017.04.30-16.04.06:346][268]LogModuleManager: Shutting down and abandoning module SourceControl (116)
[2017.04.30-16.04.06:351][268]LogModuleManager: Shutting down and abandoning module GitSourceControl (115)
[2017.04.30-16.04.06:362][268]LogModuleManager: Shutting down and abandoning module LightPropagationVolumeEditor (114)
[2017.04.30-16.04.06:362][268]LogModuleManager: Shutting down and abandoning module PaperTiledImporter (113)
[2017.04.30-16.04.06:364][268]LogModuleManager: Shutting down and abandoning module PaperSpriteSheetImporter (112)
[2017.04.30-16.04.06:364][268]LogModuleManager: Shutting down and abandoning module MeshPaint (111)
[2017.04.30-16.04.06:364][268]LogModuleManager: Shutting down and abandoning module PixelInspectorModule (110)
[2017.04.30-16.04.06:370][268]LogModuleManager: Shutting down and abandoning module HotReload (109)
[2017.04.30-16.04.06:371][268]LogModuleManager: Shutting down and abandoning module MainFrame (108)
[2017.04.30-16.04.06:371][268]LogModuleManager: Shutting down and abandoning module LevelEditor (107)
[2017.04.30-16.04.06:386][268]LogModuleManager: Shutting down and abandoning module ContentBrowser (106)
[2017.04.30-16.04.06:387][268]LogModuleManager: Shutting down and abandoning module Paper2DEditor (105)
[2017.04.30-16.04.06:394][268]LogModuleManager: Shutting down and abandoning module UdpMessaging (104)
[2017.04.30-16.04.06:494][268]LogModuleManager: Shutting down and abandoning module TcpMessaging (103)
[2017.04.30-16.04.06:621][268]LogModuleManager: Shutting down and abandoning module SubstanceCore (102)
[2017.04.30-16.04.06:657][268]LogModuleManager: Shutting down and abandoning module LightPropagationVolumeRuntime (101)
[2017.04.30-16.04.06:658][268]LogModuleManager: Shutting down and abandoning module Paper2D (100)
[2017.04.30-16.04.06:668][268]LogModuleManager: Shutting down and abandoning module WindowsMoviePlayer (99)
[2017.04.30-16.04.06:688][268]LogModuleManager: Shutting down and abandoning module WmfMedia (98)
[2017.04.30-16.04.06:747][268]LogModuleManager: Shutting down and abandoning module MediaAssets (97)
[2017.04.30-16.04.06:747][268]LogModuleManager: Shutting down and abandoning module GameLiveStreaming (96)
[2017.04.30-16.04.06:758][268]LogModuleManager: Shutting down and abandoning module GameplayTagsEditor (95)
[2017.04.30-16.04.06:758][268]LogModuleManager: Shutting down and abandoning module VREditor (94)
[2017.04.30-16.04.06:758][268]LogModuleManager: Shutting down and abandoning module GameplayTasksEditor (93)
[2017.04.30-16.04.06:758][268]LogModuleManager: Shutting down and abandoning module BehaviorTreeEditor (92)
[2017.04.30-16.04.06:789][268]LogModuleManager: Shutting down and abandoning module FunctionalTesting (91)
[2017.04.30-16.04.06:798][268]LogModuleManager: Shutting down and abandoning module CollisionAnalyzer (90)
[2017.04.30-16.04.06:814][268]LogModuleManager: Shutting down and abandoning module Sequencer (89)
[2017.04.30-16.04.06:836][268]LogModuleManager: Shutting down and abandoning module WorkspaceMenuStructure (88)
[2017.04.30-16.04.06:836][268]LogModuleManager: Shutting down and abandoning module MessageLog (87)
[2017.04.30-16.04.06:836][268]LogModuleManager: Shutting down and abandoning module AssetTools (86)
[2017.04.30-16.04.06:849][268]LogModuleManager: Shutting down and abandoning module UMGEditor (85)
[2017.04.30-16.04.06:863][268]LogModuleManager: Shutting down and abandoning module UMG (84)
[2017.04.30-16.04.06:887][268]LogModuleManager: Shutting down and abandoning module SlateReflector (83)
[2017.04.30-16.04.06:915][268]LogModuleManager: Shutting down and abandoning module Slate (82)
[2017.04.30-16.04.06:915][268]LogModuleManager: Shutting down and abandoning module EditorStyle (81)
[2017.04.30-16.04.06:919][268]LogModuleManager: Shutting down and abandoning module SourceCodeAccess (80)
[2017.04.30-16.04.06:919][268]LogModuleManager: Shutting down and abandoning module HeadMountedDisplay (79)
[2017.04.30-16.04.06:919][268]LogModuleManager: Shutting down and abandoning module XAudio2 (78)
[2017.04.30-16.04.06:919][268]LogModuleManager: Shutting down and abandoning module Networking (76)
[2017.04.30-16.04.06:919][268]LogModuleManager: Shutting down and abandoning module Core (75)
[2017.04.30-16.04.06:919][268]LogModuleManager: Shutting down and abandoning module DirectoryWatcher (74)
[2017.04.30-16.04.06:919][268]LogDirectoryWatcher: A directory notification for '../../../Engine/Content/' was aborted.
[2017.04.30-16.04.06:919][268]LogDirectoryWatcher: A directory notification for '../../../../../../Users/Demonic/Desktop/GrimToll/Content/' was aborted.
[2017.04.30-16.04.06:919][268]LogDirectoryWatcher: A directory notification for '../../../Engine/Plugins/2D/Paper2D/Content/' was aborted.
[2017.04.30-16.04.06:920][268]LogModuleManager: Shutting down and abandoning module AssetRegistry (73)
[2017.04.30-16.04.07:143][268]LogModuleManager: Shutting down and abandoning module KismetCompiler (72)
[2017.04.30-16.04.07:143][268]LogModuleManager: Shutting down and abandoning module PhysXFormats (71)
[2017.04.30-16.04.07:143][268]LogModuleManager: Shutting down and abandoning module SimplygonSwarm (70)
[2017.04.30-16.04.07:165][268]LogModuleManager: Shutting down and abandoning module SimplygonMeshReduction (69)
[2017.04.30-16.04.07:216][268]LogModuleManager: Shutting down and abandoning module QuadricMeshReduction (68)
[2017.04.30-16.04.07:223][268]LogModuleManager: Shutting down and abandoning module PropertyEditor (67)
[2017.04.30-16.04.07:224][268]LogModuleManager: Shutting down and abandoning module MeshUtilities (66)
[2017.04.30-16.04.07:242][268]LogModuleManager: Shutting down and abandoning module DerivedDataCache (65)
[2017.04.30-16.04.07:347][268]LogDerivedDataCache: Shutdown
[2017.04.30-16.04.07:347][268]LogModuleManager: Shutting down and abandoning module VulkanShaderFormat (64)
[2017.04.30-16.04.07:355][268]LogModuleManager: Shutting down and abandoning module ShaderFormatOpenGL (63)
[2017.04.30-16.04.07:363][268]LogModuleManager: Shutting down and abandoning module ShaderFormatD3D (62)
[2017.04.30-16.04.07:371][268]LogModuleManager: Shutting down and abandoning module MetalShaderFormat (61)
[2017.04.30-16.04.07:377][268]LogModuleManager: Shutting down and abandoning module TextureFormatUncompressed (60)
[2017.04.30-16.04.07:377][268]LogModuleManager: Shutting down and abandoning module TextureFormatPVR (59)
[2017.04.30-16.04.07:385][268]LogModuleManager: Shutting down and abandoning module TextureFormatDXT (58)
[2017.04.30-16.04.07:385][268]LogModuleManager: Shutting down and abandoning module TextureFormatIntelISPCTexComp (57)
[2017.04.30-16.04.07:396][268]LogModuleManager: Shutting down and abandoning module ImageWrapper (56)
[2017.04.30-16.04.07:396][268]LogModuleManager: Shutting down and abandoning module TextureFormatASTC (55)
[2017.04.30-16.04.07:396][268]LogModuleManager: Shutting down and abandoning module TextureFormatAndroid (54)
[2017.04.30-16.04.07:396][268]LogModuleManager: Shutting down and abandoning module AudioFormatOpus (53)
[2017.04.30-16.04.07:434][268]LogModuleManager: Shutting down and abandoning module AudioFormatOgg (52)
[2017.04.30-16.04.07:443][268]LogModuleManager: Shutting down and abandoning module AudioFormatADPCM (51)
[2017.04.30-16.04.07:443][268]LogModuleManager: Shutting down and abandoning module LinuxTargetPlatform (50)
[2017.04.30-16.04.07:443][268]LogModuleManager: Shutting down and abandoning module LinuxServerTargetPlatform (49)
[2017.04.30-16.04.07:450][268]LogModuleManager: Shutting down and abandoning module LinuxNoEditorTargetPlatform (48)
[2017.04.30-16.04.07:475][268]LogModuleManager: Shutting down and abandoning module LinuxClientTargetPlatform (47)
[2017.04.30-16.04.07:490][268]LogModuleManager: Shutting down and abandoning module TVOSTargetPlatform (46)
[2017.04.30-16.04.07:490][268]LogModuleManager: Shutting down and abandoning module Messaging (45)
[2017.04.30-16.04.07:490][268]LogModuleManager: Shutting down and abandoning module IOSTargetPlatform (44)
[2017.04.30-16.04.07:490][268]LogModuleManager: Shutting down and abandoning module HTML5TargetPlatform (43)
[2017.04.30-16.04.07:490][268]LogModuleManager: Shutting down and abandoning module Android_PVRTCTargetPlatform (42)
[2017.04.30-16.04.07:490][268]LogModuleManager: Shutting down and abandoning module Android_MultiTargetPlatform (41)
[2017.04.30-16.04.07:490][268]LogModuleManager: Shutting down and abandoning module Android_ETC2TargetPlatform (40)
[2017.04.30-16.04.07:490][268]LogModuleManager: Shutting down and abandoning module Android_ETC1TargetPlatform (39)
[2017.04.30-16.04.07:490][268]LogModuleManager: Shutting down and abandoning module Android_DXTTargetPlatform (38)
[2017.04.30-16.04.07:490][268]LogModuleManager: Shutting down and abandoning module Android_ATCTargetPlatform (37)
[2017.04.30-16.04.07:490][268]LogModuleManager: Shutting down and abandoning module Android_ASTCTargetPlatform (36)
[2017.04.30-16.04.07:490][268]LogModuleManager: Shutting down and abandoning module AndroidTargetPlatform (35)
[2017.04.30-16.04.07:490][268]LogModuleManager: Shutting down and abandoning module WindowsTargetPlatform (34)
[2017.04.30-16.04.07:490][268]LogModuleManager: Shutting down and abandoning module WindowsServerTargetPlatform (33)
[2017.04.30-16.04.07:525][268]LogModuleManager: Shutting down and abandoning module WindowsNoEditorTargetPlatform (32)
[2017.04.30-16.04.07:559][268]LogModuleManager: Shutting down and abandoning module WindowsClientTargetPlatform (31)
[2017.04.30-16.04.07:564][268]LogModuleManager: Shutting down and abandoning module MacTargetPlatform (30)
[2017.04.30-16.04.07:564][268]LogModuleManager: Shutting down and abandoning module MacServerTargetPlatform (29)
[2017.04.30-16.04.07:564][268]LogModuleManager: Shutting down and abandoning module MacNoEditorTargetPlatform (28)
[2017.04.30-16.04.07:564][268]LogModuleManager: Shutting down and abandoning module MacClientTargetPlatform (27)
[2017.04.30-16.04.07:564][268]LogModuleManager: Shutting down and abandoning module AllDesktopTargetPlatform (26)
[2017.04.30-16.04.07:564][268]LogModuleManager: Shutting down and abandoning module TargetPlatform (25)
[2017.04.30-16.04.07:564][268]LogModuleManager: Shutting down and abandoning module InputCore (24)
[2017.04.30-16.04.07:564][268]LogModuleManager: Shutting down and abandoning module Settings (23)
[2017.04.30-16.04.07:565][268]LogModuleManager: Shutting down and abandoning module OculusRift (22)
[2017.04.30-16.04.07:597][268]LogModuleManager: Shutting down and abandoning module ExampleDeviceProfileSelector (21)
[2017.04.30-16.04.07:597][268]LogModuleManager: Shutting down and abandoning module OnlineBlueprintSupport (20)
[2017.04.30-16.04.07:597][268]LogModuleManager: Shutting down and abandoning module OnlineSubsystem (18)
[2017.04.30-16.04.07:598][268]LogOnline:Display: Unloading online subsystem: NULL
[2017.04.30-16.04.07:639][268]LogModuleManager: Shutting down and abandoning module SSL (17)
[2017.04.30-16.04.07:667][268]LogModuleManager: Shutting down and abandoning module HTTP (16)
[2017.04.30-16.04.07:667][268]LogModuleManager: Shutting down and abandoning module XMPP (15)
[2017.04.30-16.04.07:677][268]LogModuleManager: Shutting down and abandoning module TextureCompressor (14)
[2017.04.30-16.04.07:677][268]LogModuleManager: Shutting down and abandoning module ShaderCore (13)
[2017.04.30-16.04.07:677][268]LogModuleManager: Shutting down and abandoning module Landscape (12)
[2017.04.30-16.04.07:677][268]LogModuleManager: Shutting down and abandoning module SlateRHIRenderer (11)
[2017.04.30-16.04.07:751][268]LogModuleManager: Shutting down and abandoning module OpenGLDrv (10)
[2017.04.30-16.04.07:756][268]LogModuleManager: Shutting down and abandoning module D3D11RHI (9)
[2017.04.30-16.04.07:756][268]LogModuleManager: Shutting down and abandoning module AnimGraphRuntime (8)
[2017.04.30-16.04.07:761][268]LogModuleManager: Shutting down and abandoning module Renderer (7)
[2017.04.30-16.04.07:766][268]LogModuleManager: Shutting down and abandoning module Engine (6)
[2017.04.30-16.04.07:766][268]LogModuleManager: Shutting down and abandoning module CoreUObject (5)
[2017.04.30-16.04.07:766][268]LogModuleManager: Shutting down and abandoning module NetworkFile (4)
[2017.04.30-16.04.07:777][268]LogModuleManager: Shutting down and abandoning module StreamingFile (3)
[2017.04.30-16.04.07:780][268]LogModuleManager: Shutting down and abandoning module SandboxFile (2)
[2017.04.30-16.04.07:780][268]LogModuleManager: Shutting down and abandoning module PakFile (1)
[2017.04.30-16.04.07:840][268]LogExit: Exiting.
[2017.04.30-16.04.07:878][268]Log file closed, 04/30/17 09:04:07
